<?xml version="1.0" encoding="UTF-8"?>
<testng-results skipped="0" failed="0" ignored="0" total="2" passed="2">
  <reporter-output>
  </reporter-output>
  <suite name="Default suite" duration-ms="50980" started-at="2023-01-22T06:38:23Z" finished-at="2023-01-22T06:39:14Z">
    <groups>
      <group name="LoginModule">
        <method signature="HardAssertTest.loginAdminTest()[pri:0, instance:com.selenium.testng.HardAssertTest@a67c67e]" name="loginAdminTest" class="com.selenium.testng.HardAssertTest"/>
        <method signature="HardAssertTest.logoutAdminTest()[pri:1, instance:com.selenium.testng.HardAssertTest@a67c67e]" name="logoutAdminTest" class="com.selenium.testng.HardAssertTest"/>
      </group> <!-- LoginModule -->
    </groups>
    <test name="Default test" duration-ms="50980" started-at="2023-01-22T06:38:23Z" finished-at="2023-01-22T06:39:14Z">
      <class name="com.selenium.testng.HardAssertTest">
        <test-method status="PASS" signature="beforeTest_MutualFund()[pri:0, instance:com.selenium.testng.HardAssertTest@a67c67e]" name="beforeTest_MutualFund" is-config="true" duration-ms="38145" started-at="2023-01-22T06:38:23Z" finished-at="2023-01-22T06:39:01Z">
          <reporter-output>
          </reporter-output>
        </test-method> <!-- beforeTest_MutualFund -->
        <test-method status="PASS" signature="loginAdminTest()[pri:0, instance:com.selenium.testng.HardAssertTest@a67c67e]" name="loginAdminTest" duration-ms="4937" started-at="2023-01-22T06:39:01Z" description="Test Case to verify login Page using &#039;Admin&#039; user" finished-at="2023-01-22T06:39:06Z">
          <reporter-output>
          </reporter-output>
        </test-method> <!-- loginAdminTest -->
        <test-method status="PASS" signature="logoutAdminTest()[pri:1, instance:com.selenium.testng.HardAssertTest@a67c67e]" name="logoutAdminTest" duration-ms="6888" started-at="2023-01-22T06:39:06Z" description="Test Case to verify logout Page using &#039;Admin&#039; user" depends-on-methods="com.selenium.testng.HardAssertTest.loginAdminTest" finished-at="2023-01-22T06:39:13Z">
          <reporter-output>
          </reporter-output>
        </test-method> <!-- logoutAdminTest -->
        <test-method status="FAIL" signature="afterTest()[pri:0, instance:com.selenium.testng.HardAssertTest@a67c67e]" name="afterTest" is-config="true" duration-ms="870" started-at="2023-01-22T06:39:13Z" finished-at="2023-01-22T06:39:14Z">
          <exception class="org.openqa.selenium.WebDriverException">
            <message>
              <![CDATA[Failed to decode response from marionette
Build info: version: '4.6.0', revision: '79f1c02ae20'
System info: os.name: 'Windows 7', os.arch: 'amd64', os.version: '6.1', java.version: '1.8.0_131'
Driver info: org.openqa.selenium.firefox.FirefoxDriver
Command: [8681fadc-9355-4fa8-a4d0-8ee6f247b696, close {}]
Capabilities {acceptInsecureCerts: true, browserName: firefox, browserVersion: 108.0.1, moz:accessibilityChecks: false, moz:buildID: 20221215175817, moz:debuggerAddress: 127.0.0.1:45561, moz:geckodriverVersion: 0.32.0, moz:headless: false, moz:platformVersion: 6.1, moz:processID: 16644, moz:profile: C:\Users\a\AppData\Local\Te..., moz:shutdownTimeout: 60000, moz:useNonSpecCompliantPointerOrigin: false, moz:webdriverClick: true, moz:windowless: false, pageLoadStrategy: normal, platformName: WINDOWS, proxy: Proxy(), se:cdp: ws://127.0.0.1:45561/devtoo..., se:cdpVersion: 85.0, setWindowRect: true, strictFileInteractability: false, timeouts: {implicit: 0, pageLoad: 300000, script: 30000}, unhandledPromptBehavior: dismiss and notify}
Session ID: 8681fadc-9355-4fa8-a4d0-8ee6f247b696]]>
            </message>
            <full-stacktrace>
              <![CDATA[org.openqa.selenium.WebDriverException: Failed to decode response from marionette
Build info: version: '4.6.0', revision: '79f1c02ae20'
System info: os.name: 'Windows 7', os.arch: 'amd64', os.version: '6.1', java.version: '1.8.0_131'
Driver info: org.openqa.selenium.firefox.FirefoxDriver
Command: [8681fadc-9355-4fa8-a4d0-8ee6f247b696, close {}]
Capabilities {acceptInsecureCerts: true, browserName: firefox, browserVersion: 108.0.1, moz:accessibilityChecks: false, moz:buildID: 20221215175817, moz:debuggerAddress: 127.0.0.1:45561, moz:geckodriverVersion: 0.32.0, moz:headless: false, moz:platformVersion: 6.1, moz:processID: 16644, moz:profile: C:\Users\a\AppData\Local\Te..., moz:shutdownTimeout: 60000, moz:useNonSpecCompliantPointerOrigin: false, moz:webdriverClick: true, moz:windowless: false, pageLoadStrategy: normal, platformName: WINDOWS, proxy: Proxy(), se:cdp: ws://127.0.0.1:45561/devtoo..., se:cdpVersion: 85.0, setWindowRect: true, strictFileInteractability: false, timeouts: {implicit: 0, pageLoad: 300000, script: 30000}, unhandledPromptBehavior: dismiss and notify}
Session ID: 8681fadc-9355-4fa8-a4d0-8ee6f247b696
at sun.reflect.NativeConstructorAccessorImpl.newInstance0(Native Method)
at sun.reflect.NativeConstructorAccessorImpl.newInstance(NativeConstructorAccessorImpl.java:62)
at sun.reflect.DelegatingConstructorAccessorImpl.newInstance(DelegatingConstructorAccessorImpl.java:45)
at java.lang.reflect.Constructor.newInstance(Constructor.java:423)
at org.openqa.selenium.remote.codec.w3c.W3CHttpResponseCodec.createException(W3CHttpResponseCodec.java:200)
at org.openqa.selenium.remote.codec.w3c.W3CHttpResponseCodec.decode(W3CHttpResponseCodec.java:133)
at org.openqa.selenium.remote.codec.w3c.W3CHttpResponseCodec.decode(W3CHttpResponseCodec.java:53)
at org.openqa.selenium.remote.HttpCommandExecutor.execute(HttpCommandExecutor.java:184)
at org.openqa.selenium.remote.service.DriverCommandExecutor.invokeExecute(DriverCommandExecutor.java:167)
at org.openqa.selenium.remote.service.DriverCommandExecutor.execute(DriverCommandExecutor.java:142)
at org.openqa.selenium.remote.RemoteWebDriver.execute(RemoteWebDriver.java:541)
at org.openqa.selenium.remote.RemoteWebDriver.execute(RemoteWebDriver.java:596)
at org.openqa.selenium.remote.RemoteWebDriver.execute(RemoteWebDriver.java:600)
at org.openqa.selenium.remote.RemoteWebDriver.close(RemoteWebDriver.java:432)
at com.selenium.testng.HardAssertTest.afterTest(HardAssertTest.java:69)
at sun.reflect.NativeMethodAccessorImpl.invoke0(Native Method)
at sun.reflect.NativeMethodAccessorImpl.invoke(NativeMethodAccessorImpl.java:62)
at sun.reflect.DelegatingMethodAccessorImpl.invoke(DelegatingMethodAccessorImpl.java:43)
at java.lang.reflect.Method.invoke(Method.java:498)
at org.testng.internal.MethodInvocationHelper.invokeMethod(MethodInvocationHelper.java:124)
at org.testng.internal.MethodInvocationHelper.invokeMethodConsideringTimeout(MethodInvocationHelper.java:59)
at org.testng.internal.Invoker.invokeConfigurationMethod(Invoker.java:458)
at org.testng.internal.Invoker.invokeConfigurations(Invoker.java:222)
at org.testng.internal.Invoker.invokeConfigurations(Invoker.java:142)
at org.testng.TestRunner.afterRun(TestRunner.java:725)
at org.testng.TestRunner.run(TestRunner.java:509)
at org.testng.SuiteRunner.runTest(SuiteRunner.java:455)
at org.testng.SuiteRunner.runSequentially(SuiteRunner.java:450)
at org.testng.SuiteRunner.privateRun(SuiteRunner.java:415)
at org.testng.SuiteRunner.run(SuiteRunner.java:364)
at org.testng.SuiteRunnerWorker.runSuite(SuiteRunnerWorker.java:52)
at org.testng.SuiteRunnerWorker.run(SuiteRunnerWorker.java:84)
at org.testng.TestNG.runSuitesSequentially(TestNG.java:1208)
at org.testng.TestNG.runSuitesLocally(TestNG.java:1137)
at org.testng.TestNG.runSuites(TestNG.java:1049)
at org.testng.TestNG.run(TestNG.java:1017)
at org.testng.remote.AbstractRemoteTestNG.run(AbstractRemoteTestNG.java:114)
at org.testng.remote.RemoteTestNG.initAndRun(RemoteTestNG.java:251)
at org.testng.remote.RemoteTestNG.main(RemoteTestNG.java:77)
]]>
            </full-stacktrace>
          </exception> <!-- org.openqa.selenium.WebDriverException -->
          <reporter-output>
          </reporter-output>
        </test-method> <!-- afterTest -->
      </class> <!-- com.selenium.testng.HardAssertTest -->
    </test> <!-- Default test -->
  </suite> <!-- Default suite -->
</testng-results>
